22-07-04 7:14:27.4031170 pid:8244 tid:12 sqltools Critical: 0 : Exception in IntelliCode extension for Microsoft SQL Language Server: System.IO.IOException: Failed to load the python intellicode model file
   at Microsoft.VisualStudio.IntelliCode.SQL.PythiaModelLoader.LoadModelAsync(String modelPath, PythiaModel& sequenceModel)
   at Microsoft.VisualStudio.IntelliCode.SQL.PythiaService.<>c__DisplayClass6_0.<.ctor>b__0()
   at System.Threading.Tasks.Task.InnerInvoke()
   at System.Threading.Tasks.Task.<>c.<.cctor>b__272_0(Object obj)
   at System.Threading.ExecutionContext.RunFromThreadPoolDispatchLoop(Thread threadPoolThread, ExecutionContext executionContext, ContextCallback callback, Object state)
--- End of stack trace from previous location ---
   at System.Threading.ExecutionContext.RunFromThreadPoolDispatchLoop(Thread threadPoolThread, ExecutionContext executionContext, ContextCallback callback, Object state)
   at System.Threading.Tasks.Task.ExecuteWithThreadLocal(Task& currentTaskSlot, Thread threadPoolThread)
--- End of stack trace from previous location ---
   at Microsoft.VisualStudio.IntelliCode.SQL.PythiaService.GetRecommendationsAsync(ConnectionInfo connInfo, ScriptDocumentInfo scriptDocumentInfo, CompletionItem[] completions, CancellationToken cancellationToken)
   at Microsoft.VisualStudio.IntelliCode.SQL.CompletionExtension.HandleCompletionAsync(ConnectionInfo connInfo, ScriptDocumentInfo scriptDocumentInfo, CompletionItem[] completions, CancellationToken token)
22-07-04 7:14:29.6660295 pid:8244 tid:12 sqltools Critical: 0 : Exception in IntelliCode extension for Microsoft SQL Language Server: System.IO.IOException: Failed to load the python intellicode model file
   at Microsoft.VisualStudio.IntelliCode.SQL.PythiaModelLoader.LoadModelAsync(String modelPath, PythiaModel& sequenceModel)
   at Microsoft.VisualStudio.IntelliCode.SQL.PythiaService.<>c__DisplayClass6_0.<.ctor>b__0()
   at System.Threading.Tasks.Task.InnerInvoke()
   at System.Threading.Tasks.Task.<>c.<.cctor>b__272_0(Object obj)
   at System.Threading.ExecutionContext.RunFromThreadPoolDispatchLoop(Thread threadPoolThread, ExecutionContext executionContext, ContextCallback callback, Object state)
--- End of stack trace from previous location ---
   at System.Threading.ExecutionContext.RunFromThreadPoolDispatchLoop(Thread threadPoolThread, ExecutionContext executionContext, ContextCallback callback, Object state)
   at System.Threading.Tasks.Task.ExecuteWithThreadLocal(Task& currentTaskSlot, Thread threadPoolThread)
--- End of stack trace from previous location ---
   at Microsoft.VisualStudio.IntelliCode.SQL.PythiaService.GetRecommendationsAsync(ConnectionInfo connInfo, ScriptDocumentInfo scriptDocumentInfo, CompletionItem[] completions, CancellationToken cancellationToken)
   at Microsoft.VisualStudio.IntelliCode.SQL.CompletionExtension.HandleCompletionAsync(ConnectionInfo connInfo, ScriptDocumentInfo scriptDocumentInfo, CompletionItem[] completions, CancellationToken token)
22-07-04 7:24:06.1779064 pid:8244 tid:12 sqltools Critical: 0 : Exception in IntelliCode extension for Microsoft SQL Language Server: System.IO.IOException: Failed to load the python intellicode model file
   at Microsoft.VisualStudio.IntelliCode.SQL.PythiaModelLoader.LoadModelAsync(String modelPath, PythiaModel& sequenceModel)
   at Microsoft.VisualStudio.IntelliCode.SQL.PythiaService.<>c__DisplayClass6_0.<.ctor>b__0()
   at System.Threading.Tasks.Task.InnerInvoke()
   at System.Threading.Tasks.Task.<>c.<.cctor>b__272_0(Object obj)
   at System.Threading.ExecutionContext.RunFromThreadPoolDispatchLoop(Thread threadPoolThread, ExecutionContext executionContext, ContextCallback callback, Object state)
--- End of stack trace from previous location ---
   at System.Threading.ExecutionContext.RunFromThreadPoolDispatchLoop(Thread threadPoolThread, ExecutionContext executionContext, ContextCallback callback, Object state)
   at System.Threading.Tasks.Task.ExecuteWithThreadLocal(Task& currentTaskSlot, Thread threadPoolThread)
--- End of stack trac